{"H:\\Web Development\\ACMatchMaker\\ac-matchmaker\\index.js": {"path":"H:\\Web Development\\ACMatchMaker\\ac-matchmaker\\index.js","statementMap":{"0":{"start":{"line":1,"column":16},"end":{"line":1,"column":34}},"1":{"start":{"line":2,"column":15},"end":{"line":2,"column":32}},"2":{"start":{"line":3,"column":13},"end":{"line":3,"column":28}},"3":{"start":{"line":4,"column":18},"end":{"line":4,"column":48}},"4":{"start":{"line":6,"column":19},"end":{"line":6,"column":50}},"5":{"start":{"line":7,"column":13},"end":{"line":7,"column":28}},"6":{"start":{"line":8,"column":0},"end":{"line":8,"column":27}},"7":{"start":{"line":10,"column":12},"end":{"line":10,"column":21}},"8":{"start":{"line":11,"column":0},"end":{"line":11,"column":24}},"9":{"start":{"line":13,"column":19},"end":{"line":13,"column":21}},"10":{"start":{"line":14,"column":13},"end":{"line":14,"column":43}},"11":{"start":{"line":16,"column":0},"end":{"line":27,"column":3}},"12":{"start":{"line":17,"column":2},"end":{"line":17,"column":72}},"13":{"start":{"line":18,"column":2},"end":{"line":21,"column":4}},"14":{"start":{"line":22,"column":2},"end":{"line":25,"column":4}},"15":{"start":{"line":26,"column":2},"end":{"line":26,"column":9}},"16":{"start":{"line":30,"column":0},"end":{"line":39,"column":3}},"17":{"start":{"line":31,"column":2},"end":{"line":38,"column":9}},"18":{"start":{"line":34,"column":8},"end":{"line":34,"column":39}},"19":{"start":{"line":37,"column":8},"end":{"line":37,"column":36}},"20":{"start":{"line":41,"column":0},"end":{"line":58,"column":3}},"21":{"start":{"line":42,"column":2},"end":{"line":57,"column":9}},"22":{"start":{"line":45,"column":23},"end":{"line":49,"column":14}},"23":{"start":{"line":47,"column":14},"end":{"line":47,"column":38}},"24":{"start":{"line":47,"column":23},"end":{"line":47,"column":38}},"25":{"start":{"line":48,"column":14},"end":{"line":48,"column":26}},"26":{"start":{"line":50,"column":8},"end":{"line":53,"column":9}},"27":{"start":{"line":51,"column":10},"end":{"line":51,"column":42}},"28":{"start":{"line":52,"column":10},"end":{"line":52,"column":41}},"29":{"start":{"line":56,"column":8},"end":{"line":56,"column":36}},"30":{"start":{"line":61,"column":0},"end":{"line":74,"column":3}},"31":{"start":{"line":62,"column":30},"end":{"line":62,"column":51}},"32":{"start":{"line":63,"column":15},"end":{"line":63,"column":57}},"33":{"start":{"line":64,"column":2},"end":{"line":64,"column":31}},"34":{"start":{"line":65,"column":2},"end":{"line":65,"column":22}},"35":{"start":{"line":67,"column":2},"end":{"line":73,"column":9}},"36":{"start":{"line":69,"column":8},"end":{"line":69,"column":39}},"37":{"start":{"line":72,"column":8},"end":{"line":72,"column":36}},"38":{"start":{"line":77,"column":0},"end":{"line":77,"column":57}},"39":{"start":{"line":88,"column":0},"end":{"line":88,"column":65}},"40":{"start":{"line":89,"column":0},"end":{"line":92,"column":3}},"41":{"start":{"line":90,"column":2},"end":{"line":90,"column":52}},"42":{"start":{"line":91,"column":2},"end":{"line":91,"column":70}},"43":{"start":{"line":94,"column":13},"end":{"line":94,"column":37}},"44":{"start":{"line":96,"column":0},"end":{"line":96,"column":17}},"45":{"start":{"line":98,"column":0},"end":{"line":98,"column":48}}},"fnMap":{"0":{"name":"(anonymous_0)","decl":{"start":{"line":16,"column":8},"end":{"line":16,"column":9}},"loc":{"start":{"line":16,"column":33},"end":{"line":27,"column":1}},"line":16},"1":{"name":"(anonymous_1)","decl":{"start":{"line":30,"column":22},"end":{"line":30,"column":23}},"loc":{"start":{"line":30,"column":36},"end":{"line":39,"column":1}},"line":30},"2":{"name":"(anonymous_2)","decl":{"start":{"line":33,"column":12},"end":{"line":33,"column":13}},"loc":{"start":{"line":33,"column":26},"end":{"line":35,"column":7}},"line":33},"3":{"name":"(anonymous_3)","decl":{"start":{"line":36,"column":13},"end":{"line":36,"column":14}},"loc":{"start":{"line":36,"column":24},"end":{"line":38,"column":7}},"line":36},"4":{"name":"(anonymous_4)","decl":{"start":{"line":41,"column":23},"end":{"line":41,"column":24}},"loc":{"start":{"line":41,"column":37},"end":{"line":58,"column":1}},"line":41},"5":{"name":"(anonymous_5)","decl":{"start":{"line":44,"column":12},"end":{"line":44,"column":13}},"loc":{"start":{"line":44,"column":26},"end":{"line":54,"column":7}},"line":44},"6":{"name":"(anonymous_6)","decl":{"start":{"line":46,"column":35},"end":{"line":46,"column":36}},"loc":{"start":{"line":46,"column":58},"end":{"line":49,"column":13}},"line":46},"7":{"name":"(anonymous_7)","decl":{"start":{"line":55,"column":13},"end":{"line":55,"column":14}},"loc":{"start":{"line":55,"column":24},"end":{"line":57,"column":7}},"line":55},"8":{"name":"(anonymous_8)","decl":{"start":{"line":61,"column":30},"end":{"line":61,"column":31}},"loc":{"start":{"line":61,"column":44},"end":{"line":74,"column":1}},"line":61},"9":{"name":"(anonymous_9)","decl":{"start":{"line":68,"column":12},"end":{"line":68,"column":13}},"loc":{"start":{"line":68,"column":26},"end":{"line":70,"column":7}},"line":68},"10":{"name":"(anonymous_10)","decl":{"start":{"line":71,"column":13},"end":{"line":71,"column":14}},"loc":{"start":{"line":71,"column":24},"end":{"line":73,"column":7}},"line":71},"11":{"name":"(anonymous_11)","decl":{"start":{"line":89,"column":13},"end":{"line":89,"column":14}},"loc":{"start":{"line":89,"column":32},"end":{"line":92,"column":1}},"line":89}},"branchMap":{"0":{"loc":{"start":{"line":47,"column":14},"end":{"line":47,"column":38}},"type":"if","locations":[{"start":{"line":47,"column":14},"end":{"line":47,"column":38}},{"start":{},"end":{}}],"line":47},"1":{"loc":{"start":{"line":50,"column":8},"end":{"line":53,"column":9}},"type":"if","locations":[{"start":{"line":50,"column":8},"end":{"line":53,"column":9}},{"start":{},"end":{}}],"line":50},"2":{"loc":{"start":{"line":94,"column":13},"end":{"line":94,"column":37}},"type":"binary-expr","locations":[{"start":{"line":94,"column":13},"end":{"line":94,"column":29}},{"start":{"line":94,"column":33},"end":{"line":94,"column":37}}],"line":94}},"s":{"0":1,"1":1,"2":1,"3":1,"4":1,"5":1,"6":1,"7":1,"8":1,"9":1,"10":1,"11":1,"12":0,"13":0,"14":0,"15":0,"16":1,"17":0,"18":0,"19":0,"20":1,"21":0,"22":0,"23":0,"24":0,"25":0,"26":0,"27":0,"28":0,"29":0,"30":1,"31":0,"32":0,"33":0,"34":0,"35":0,"36":0,"37":0,"38":1,"39":1,"40":1,"41":0,"42":0,"43":1,"44":1,"45":1},"f":{"0":0,"1":0,"2":0,"3":0,"4":0,"5":0,"6":0,"7":0,"8":0,"9":0,"10":0,"11":0},"b":{"0":[0,0],"1":[0,0],"2":[1,0]},"_coverageSchema":"1a1c01bbd47fc00a2c39e90264f33305004495a9","hash":"5b8fef2b158cc345fbe349db3da4f80cbf561027"}
,"H:\\Web Development\\ACMatchMaker\\ac-matchmaker\\models\\profile_api.js": {"path":"H:\\Web Development\\ACMatchMaker\\ac-matchmaker\\models\\profile_api.js","statementMap":{"0":{"start":{"line":9,"column":0},"end":{"line":14,"column":2}},"1":{"start":{"line":10,"column":2},"end":{"line":10,"column":36}},"2":{"start":{"line":13,"column":2},"end":{"line":13,"column":16}}},"fnMap":{"0":{"name":"(anonymous_0)","decl":{"start":{"line":9,"column":22},"end":{"line":9,"column":23}},"loc":{"start":{"line":9,"column":42},"end":{"line":14,"column":1}},"line":9}},"branchMap":{},"s":{"0":1,"1":0,"2":0},"f":{"0":0},"b":{},"_coverageSchema":"1a1c01bbd47fc00a2c39e90264f33305004495a9","hash":"e7d17881dc122d55d0476d3d0ca925751af28146"}
,"H:\\Web Development\\ACMatchMaker\\ac-matchmaker\\models\\user_model.js": {"path":"H:\\Web Development\\ACMatchMaker\\ac-matchmaker\\models\\user_model.js","statementMap":{"0":{"start":{"line":1,"column":0},"end":{"line":1,"column":27}},"1":{"start":{"line":3,"column":13},"end":{"line":3,"column":31}},"2":{"start":{"line":4,"column":13},"end":{"line":4,"column":23}},"3":{"start":{"line":12,"column":16},"end":{"line":15,"column":3}},"4":{"start":{"line":17,"column":2},"end":{"line":25,"column":5}},"5":{"start":{"line":18,"column":4},"end":{"line":24,"column":7}},"6":{"start":{"line":19,"column":6},"end":{"line":22,"column":7}},"7":{"start":{"line":20,"column":8},"end":{"line":20,"column":27}},"8":{"start":{"line":21,"column":8},"end":{"line":21,"column":22}},"9":{"start":{"line":23,"column":6},"end":{"line":23,"column":28}},"10":{"start":{"line":36,"column":16},"end":{"line":41,"column":3}},"11":{"start":{"line":43,"column":2},"end":{"line":51,"column":5}},"12":{"start":{"line":44,"column":4},"end":{"line":50,"column":7}},"13":{"start":{"line":45,"column":6},"end":{"line":48,"column":7}},"14":{"start":{"line":46,"column":8},"end":{"line":46,"column":27}},"15":{"start":{"line":47,"column":8},"end":{"line":47,"column":22}},"16":{"start":{"line":49,"column":6},"end":{"line":49,"column":28}},"17":{"start":{"line":61,"column":16},"end":{"line":67,"column":3}},"18":{"start":{"line":68,"column":2},"end":{"line":76,"column":5}},"19":{"start":{"line":69,"column":4},"end":{"line":75,"column":7}},"20":{"start":{"line":70,"column":6},"end":{"line":73,"column":7}},"21":{"start":{"line":71,"column":8},"end":{"line":71,"column":27}},"22":{"start":{"line":72,"column":8},"end":{"line":72,"column":22}},"23":{"start":{"line":74,"column":6},"end":{"line":74,"column":23}},"24":{"start":{"line":79,"column":0},"end":{"line":83,"column":2}}},"fnMap":{"0":{"name":"getUsers","decl":{"start":{"line":11,"column":9},"end":{"line":11,"column":17}},"loc":{"start":{"line":11,"column":20},"end":{"line":26,"column":1}},"line":11},"1":{"name":"(anonymous_1)","decl":{"start":{"line":17,"column":21},"end":{"line":17,"column":22}},"loc":{"start":{"line":17,"column":42},"end":{"line":25,"column":3}},"line":17},"2":{"name":"(anonymous_2)","decl":{"start":{"line":18,"column":22},"end":{"line":18,"column":23}},"loc":{"start":{"line":18,"column":42},"end":{"line":24,"column":5}},"line":18},"3":{"name":"getUser","decl":{"start":{"line":35,"column":9},"end":{"line":35,"column":16}},"loc":{"start":{"line":35,"column":24},"end":{"line":52,"column":1}},"line":35},"4":{"name":"(anonymous_4)","decl":{"start":{"line":43,"column":21},"end":{"line":43,"column":22}},"loc":{"start":{"line":43,"column":42},"end":{"line":51,"column":3}},"line":43},"5":{"name":"(anonymous_5)","decl":{"start":{"line":44,"column":22},"end":{"line":44,"column":23}},"loc":{"start":{"line":44,"column":42},"end":{"line":50,"column":5}},"line":44},"6":{"name":"createUser","decl":{"start":{"line":60,"column":9},"end":{"line":60,"column":19}},"loc":{"start":{"line":60,"column":39},"end":{"line":77,"column":1}},"line":60},"7":{"name":"(anonymous_7)","decl":{"start":{"line":68,"column":21},"end":{"line":68,"column":22}},"loc":{"start":{"line":68,"column":47},"end":{"line":76,"column":3}},"line":68},"8":{"name":"(anonymous_8)","decl":{"start":{"line":69,"column":22},"end":{"line":69,"column":23}},"loc":{"start":{"line":69,"column":42},"end":{"line":75,"column":5}},"line":69}},"branchMap":{"0":{"loc":{"start":{"line":19,"column":6},"end":{"line":22,"column":7}},"type":"if","locations":[{"start":{"line":19,"column":6},"end":{"line":22,"column":7}},{"start":{},"end":{}}],"line":19},"1":{"loc":{"start":{"line":45,"column":6},"end":{"line":48,"column":7}},"type":"if","locations":[{"start":{"line":45,"column":6},"end":{"line":48,"column":7}},{"start":{},"end":{}}],"line":45},"2":{"loc":{"start":{"line":70,"column":6},"end":{"line":73,"column":7}},"type":"if","locations":[{"start":{"line":70,"column":6},"end":{"line":73,"column":7}},{"start":{},"end":{}}],"line":70}},"s":{"0":1,"1":1,"2":1,"3":0,"4":0,"5":0,"6":0,"7":0,"8":0,"9":0,"10":0,"11":0,"12":0,"13":0,"14":0,"15":0,"16":0,"17":0,"18":0,"19":0,"20":0,"21":0,"22":0,"23":0,"24":1},"f":{"0":0,"1":0,"2":0,"3":0,"4":0,"5":0,"6":0,"7":0,"8":0},"b":{"0":[0,0],"1":[0,0],"2":[0,0]},"_coverageSchema":"1a1c01bbd47fc00a2c39e90264f33305004495a9","hash":"b86dbd1afd0b87ac0104c46799c4adf00aecf8f7"}
}
