TN:
SF:index.js
FN:16,(anonymous_0)
FN:30,(anonymous_1)
FN:33,(anonymous_2)
FN:36,(anonymous_3)
FN:41,(anonymous_4)
FN:44,(anonymous_5)
FN:46,(anonymous_6)
FN:55,(anonymous_7)
FN:61,(anonymous_8)
FN:68,(anonymous_9)
FN:71,(anonymous_10)
FN:89,(anonymous_11)
FNF:12
FNH:0
FNDA:0,(anonymous_0)
FNDA:0,(anonymous_1)
FNDA:0,(anonymous_2)
FNDA:0,(anonymous_3)
FNDA:0,(anonymous_4)
FNDA:0,(anonymous_5)
FNDA:0,(anonymous_6)
FNDA:0,(anonymous_7)
FNDA:0,(anonymous_8)
FNDA:0,(anonymous_9)
FNDA:0,(anonymous_10)
FNDA:0,(anonymous_11)
DA:1,1
DA:2,1
DA:3,1
DA:4,1
DA:6,1
DA:7,1
DA:8,1
DA:10,1
DA:11,1
DA:13,1
DA:14,1
DA:16,1
DA:17,0
DA:18,0
DA:22,0
DA:26,0
DA:30,1
DA:31,0
DA:34,0
DA:37,0
DA:41,1
DA:42,0
DA:45,0
DA:47,0
DA:48,0
DA:50,0
DA:51,0
DA:52,0
DA:56,0
DA:61,1
DA:62,0
DA:63,0
DA:64,0
DA:65,0
DA:67,0
DA:69,0
DA:72,0
DA:77,1
DA:88,1
DA:89,1
DA:90,0
DA:91,0
DA:94,1
DA:96,1
DA:98,1
LF:45
LH:21
BRDA:47,0,0,0
BRDA:47,0,1,0
BRDA:50,1,0,0
BRDA:50,1,1,0
BRDA:94,2,0,1
BRDA:94,2,1,0
BRF:6
BRH:1
end_of_record
TN:
SF:models\profile_api.js
FN:9,(anonymous_0)
FNF:1
FNH:0
FNDA:0,(anonymous_0)
DA:9,1
DA:10,0
DA:13,0
LF:3
LH:1
BRF:0
BRH:0
end_of_record
TN:
SF:models\user_model.js
FN:11,getUsers
FN:17,(anonymous_1)
FN:18,(anonymous_2)
FN:35,getUser
FN:43,(anonymous_4)
FN:44,(anonymous_5)
FN:60,createUser
FN:68,(anonymous_7)
FN:69,(anonymous_8)
FNF:9
FNH:0
FNDA:0,getUsers
FNDA:0,(anonymous_1)
FNDA:0,(anonymous_2)
FNDA:0,getUser
FNDA:0,(anonymous_4)
FNDA:0,(anonymous_5)
FNDA:0,createUser
FNDA:0,(anonymous_7)
FNDA:0,(anonymous_8)
DA:1,1
DA:3,1
DA:4,1
DA:12,0
DA:17,0
DA:18,0
DA:19,0
DA:20,0
DA:21,0
DA:23,0
DA:36,0
DA:43,0
DA:44,0
DA:45,0
DA:46,0
DA:47,0
DA:49,0
DA:61,0
DA:68,0
DA:69,0
DA:70,0
DA:71,0
DA:72,0
DA:74,0
DA:79,1
LF:25
LH:4
BRDA:19,0,0,0
BRDA:19,0,1,0
BRDA:45,1,0,0
BRDA:45,1,1,0
BRDA:70,2,0,0
BRDA:70,2,1,0
BRF:6
BRH:0
end_of_record
